<?xml version="1.0" encoding="UTF-8"?>
<!-- Generated by org.testng.reporters.JUnitReportReporter -->
<testsuite hostname="DESKTOP-24T7UKH" failures="0" tests="3" name="practiceAutomationTest.PracticeAutomation" time="6.407" errors="0" timestamp="2024-07-10T16:42:29 IST" skipped="0">
  <testcase classname="practiceAutomationTest.PracticeAutomation" name="TC002_IncorrectUserName" time="4.504"/>
  <testcase classname="practiceAutomationTest.PracticeAutomation" name="TC003_IncorrectPassword" time="0.350"/>
  <testcase classname="practiceAutomationTest.PracticeAutomation" name="TC004_ValidCredentials" time="1.553"/>
</testsuite> <!-- practiceAutomationTest.PracticeAutomation -->
